 ---> Truncation of potentials: [35,40] <---


 *** further output on TwoDouble-2/0000/outf ***


 ===  Two-photon double ionization of Helium  ==================================

 *** Master host = c485-114.stampede2.tacc.utexas.edu ***



 ===  DVR --- DISCRETIZATION  ==================================================

               Name: Phi1.Eta1.Phi2.Eta2.Rn1.Rn2

   Axis maxCoeff from       to order                basis     absorption: eta,inner
     --   ------   --   ------   ---   ------------------   -----------------------
   Phi1        3    0    6.283     3                expIm                          
   Eta1        3   -1        1     3  assocLegendre{Phi1}                          
   Phi2        3    0    6.283     3                expIm                          
   Eta2        3   -1        1     3  assocLegendre{Phi2}                          
    Rn1       80    0 40|Infty 10-20 polynomial/polExp... ECS:(0.955,0.296)[-40,40]
    Rn2       80    0 40|Infty 10-20 polynomial/polExp... ECS:(0.955,0.296)[-40,40]

 Full basis name(s): polynomial/polExp[1.], polynomial/polExp[1.]

                        Constraints
     ------------------------------
   l1,l2<3 for l1+l2>3 at Eta1.Eta2
               M1+M2=0 at Phi2.Phi2

           Surfaces: 40


 ===  OPERATORS  ===============================================================

        Hamiltonian: 1/2<<Laplacian>>-2.<<Coulomb>>+[[eeInt6DHelium]]
        Interaction: iLaserAz[t]<<D/DZ>>
         HamInitial: H(t=Begin)

         Projection: (0.5<<Laplacian>>-2<<Coulomb>>):Phi1.Eta1.Rn1+(0.5<<Laplacian>>-2<<Coulomb>>):Phi2.Eta2.Rn2


 ===  Laser  ===================================================================

   polAxis Shape Intens(W/cm2) lambda(nm)  FWHM  begin   end phiCEO
     -----   ---   -----------   --------   ---   ----   ---   ----
   [1 0 0]  cos2         1e+12      22.96 82.68 -82.68 82.68       

 U_ponderomotive (eV): 4.922e-05

 ===  PROPAGATION PARAMETERS  ==================================================

    begin   end print store accuracy cutEnergy fixStep
     ----   ---   ---   ---   ------   -------   -----
   -82.68 289.4 6.332  0.09    1e-07        50   0.025

      Initial state: atBegin for operator H(t=Begin)


 ===  OUTPUT  ==================================================================
          Directory: TwoDouble-2/0000/

 *** Description of input on file /home1/06170/ampuser/AMP_apps/tRecX/tRecX-again/tRecX.doc ***

 *** Set up projector, dim=45 ***
 *** high energy projector size =+ 9156 9156/119952 at cutEnergy=50, constraints:  ***
 *** running parallel with 1 processes ***

 *** non-constant parameters in operator "Interaction+H0": iLaserAz[t] ***


 ===  timer information  =======================================================

                     File: Name                          calls   cpu(total)   cpu/call [samp]
               main_trecx: setup                             1        49.3        49.3
               main_trecx: operator                          1        35.8        35.8
            operatorFloor: cost                          16460       0.204    1.24e-05
               mpiWrapper: MPI                           42389       0.204    4.81e-06
               main_trecx: run                               1           0           0
timer overhead/call (sec): 3.94e-08
timer overhead/call (sec): 1.49e-09 (sample=1024)
 *** initial state: eigenvector 1 of time-evolution at t=-82.6827466727 ***


 ===  TIME PROPAGATION (TwoDouble-2/0000/)  ====================================

      CPU   (%)     Time <Ovr(Phi1.Eta1...>             <H0>
     -----   --   ------   ----------------   --------------
         0    0 -82.6827                  1 -2.9018102412838
     26.34 1.702 -76.3504   0.99999948813273  -2.901808753228
      52.7 3.404  -70.018   0.99999897626573 -2.9018071865847
     78.89 5.106 -63.6856   0.99999846439902 -2.9018051736272
     104.8 6.808 -57.3532   0.99999795252537 -2.9018018600258
     130.7 8.51 -51.0209   0.99999743969722 -2.9017958600236
     156.7 10.21 -44.6885   0.99999690098399  -2.901785350317
     182.6 11.91 -38.3561   0.99999618462011 -2.9017682250037
     208.6 13.62 -32.0237    0.9999949070308 -2.9017423816003
       235 15.32 -25.6914   0.99999241140076   -2.90170611293
     270.1 17.02  -19.359   0.99998781651429 -2.9016584629453
     304.1 18.72 -13.0266    0.9999801386632 -2.9015994692582
       338 20.42 -6.69423   0.99996846581111 -2.9015303180404
     371.9 22.12 -0.361851   0.99995216457484 -2.9014533661324
     405.8 23.83  5.97053   0.99993106420517 -2.9013719235834
     439.6 25.53  12.3029   0.99990555207079 -2.9012898029352
     473.5 27.23  18.6353    0.9998765685026 -2.9012108126689
     507.3 28.93  24.9677   0.99984551988305 -2.9011383408355
     541.5 30.63     31.3   0.99981411241398 -2.9010749943333
     576.5 32.34  37.6324   0.99978411177139  -2.901022296518
     611.6 34.04  43.9648   0.99975707502489 -2.9009805915436
     645.5 35.74  50.2972   0.99973414046691 -2.9009492043927
     677.6 37.44  56.6295    0.9997159162878 -2.9009267444162
     708.9 39.14  62.9619   0.99970244852343   -2.90091143485
     740.2 40.85  69.2943   0.99969327399812 -2.9009014290348
     770.8 42.55  75.6267   0.99968756855284 -2.9008950847573
     799.6 44.25   81.959   0.99968435079873 -2.9008911128237
       803 44.44  82.6827    0.9996840981706 -2.9008907656952
     819.7 46.15  89.0151   0.99968255126437 -2.9008883306319
     836.5 47.85  95.3475   0.99968172569586  -2.900886557239
     852.7 49.55   101.68   0.99968116000302 -2.9008850222732
     868.8 51.25  108.012   0.99968064530945 -2.9008835343771
       885 52.95  114.345   0.99968013351372 -2.9008820493964
     900.4 54.66  120.677   0.99967962180595  -2.900880564524
     915.8 56.36  127.009    0.9996791101008 -2.9008790796557
     930.9 58.06  133.342   0.99967859839675 -2.9008775947896
     945.8 59.76  139.674    0.9996780866935 -2.9008761099249
     960.6 61.46  146.007   0.99967757499087 -2.9008746250613
     975.4 63.17  152.339   0.99967706328857 -2.9008731401984
     990.2 64.87  158.671    0.9996765515864 -2.9008716553362
      1005 66.57  165.004   0.99967603988449 -2.9008701704748
      1020 68.27  171.336   0.99967552818293 -2.9008686856143
      1035 69.97  177.668   0.99967501648161 -2.9008672007544
      1050 71.68  184.001   0.99967450478055 -2.9008657158954
      1064 73.38  190.333   0.99967399307979 -2.9008642310371
      1079 75.08  196.666   0.99967348137931 -2.9008627461796
      1094 76.78  202.998   0.99967296967909 -2.9008612613228
      1109 78.48   209.33   0.99967245797912 -2.9008597764668
      1124 80.18  215.663    0.9996719462794 -2.9008582916116
      1139 81.89  221.995   0.99967143457992 -2.9008568067571
      1154 83.59  228.327   0.99967092288071 -2.9008553219034
      1169 85.29   234.66   0.99967041118182 -2.9008538370504
      1184 86.99  240.992   0.99966989948321 -2.9008523521983
      1199 88.69  247.325   0.99966938778485 -2.9008508673469
      1214 90.4  253.657   0.99966887608674 -2.9008493824962
      1229 92.1  259.989   0.99966836438887 -2.9008478976463
      1244 93.8  266.322   0.99966785269125 -2.9008464127971
      1259 95.5  272.654    0.9996673409939 -2.9008449279487
      1273 97.2  278.986   0.99966682929683 -2.9008434431011
      1288 98.91  285.319   0.99966631760004 -2.9008419582543
      1298  100   289.39    0.9996659892791 -2.9008410055293

 TimePropagator RK4:  accept/reject 14924/0, func.calls=59696, <h>=0.025, Delta h=1.6065246924832e-08


 ===  timer information  =======================================================

                     File: Name                          calls   cpu(total)   cpu/call [samp]
               main_trecx: run                               1    1.37e+03    1.37e+03
           timePropagator: propIntern1                      60     1.3e+03        21.6
               main_trecx: setup                             1        49.3        49.3
               main_trecx: operator                          1        35.8        35.8
             initialState: get                               1        14.1        14.1
               mpiWrapper: MPI                           59776           4     6.7e-05
     timePropagatorOutput: outWrite                       3762        3.92     0.00104
            operatorFloor: cost                          16460       0.204    1.24e-05
timer overhead/call (sec): 3.72e-08
timer overhead/call (sec): 1.42e-09 (sample=1024)


 *** further output on TwoDouble-2/0000/S_Rn1/outf ***

 *** Applying Volkov Phase without grid ***


 ===  DISCRETIZATION AND INCOMING FLUX  ========================================

               Name: Phi1.Eta1.Phi2.Eta2.specRn1.Rn2.ValDerRn1.Rn2
        Coordinates: Phi1.Eta1.Phi2.Eta2.kRn1.Rn2

          source(s): TwoDouble-2/0000/surface_Rn1
        end,turnOff: Inft, ABRUPT (Caution)

   axis Points     Emin Emax       spacing
     --   ----   ------   --   -----------
   kRn1     32 0.001465  1.5 k-equidistant

           Surfaces: 40


 ===  OPERATORS  ===============================================================

        Hamiltonian: 1/2<<Laplacian>>-2.<<Coulomb>>+[[eeInt6DHelium]]
         Region Rn1: +1/2<1><1><1><1><1><d_1_d>+1/2<1><1><1><d_(1-Q*Q)_d><1><1/(Q*Q)>+1/2<1><1><d_1_d><1/(1-Q*Q)><1><1/(Q*Q)>-2.<1><1><1><1><1><trunc[Rsmooth,Rtrunc]/Q>
        Interaction: iLaserAz[t]<<D/DZ>>
         Region Rn1: +iLaserAz[t]<1><1><1><Q><1><0.5_d>$BAND.0.0.0.2.0.0+iLaserAz[t]<1><1><1><(1-Q*Q)_d><1><0.5/Q>$BAND.0.0.0.2.0.0-iLaserAz[t]<1><1><1><Q><1><d_0.5>$BAND.0.0.0.2.0.0-iLaserAz[t]<1><1><1><d_(1-Q*Q)><1><0.5/Q>$BAND.0.0.0.2.0.0
         HamInitial: H(t=Begin)

         Projection: (0.5<<Laplacian>>-2<<Coulomb>>):Phi1.Eta1.Rn1+(0.5<<Laplacian>>-2<<Coulomb>>):Phi2.Eta2.Rn2


 ===  Laser  ===================================================================

   polAxis Shape Intens(W/cm2) lambda(nm)  FWHM  begin   end phiCEO
     -----   ---   -----------   --------   ---   ----   ---   ----
   [1 0 0]  cos2         1e+12      22.96 82.68 -82.68 82.68       

 U_ponderomotive (eV): 4.922e-05

 ===  PROPAGATION PARAMETERS  ==================================================

    begin   end print store accuracy cutEnergy fixStep
     ----   ---   ---   ---   ------   -------   -----
   -82.68 289.4 6.332  0.09    1e-07        50   0.025

      Initial state: atBegin for operator H(t=Begin)


 ===  OUTPUT  ==================================================================
          Directory: TwoDouble-2/0000/S_Rn1/


 *** high energy projector size =+ 3488/45696 at cutEnergy=50, constraints:  ***



 ===  timer information  =======================================================

                     File: Name                          calls   cpu(total)   cpu/call [samp]
               main_trecx: run                               2    1.37e+03         683
           timePropagator: propIntern1                      60     1.3e+03        21.6
               main_trecx: setup                             2        65.5        32.7
               main_trecx: operator                          2        39.3        19.6
             initialState: get                               1        14.1        14.1
               mpiWrapper: MPI                           63787        4.01    6.28e-05
     timePropagatorOutput: outWrite                       3762        3.92     0.00104
            operatorFloor: cost                          17734       0.232    1.31e-05
timer overhead/call (sec): 3.72e-08
timer overhead/call (sec): 1.4e-09 (sample=1024)
 *** initial state: ZERO ***


 ===  TIME PROPAGATION (TwoDouble-2/0000/S_Rn1/)  ==============================

      CPU   (%)     Time <Ovr(Phi1.Eta1...> <H0>
     -----   --   ------   ----------------   --
         0    0 -82.6827                  0    0
     6.869 1.702 -76.3504 5.3532761271189e-19 -1.0600380991321e-18
     13.65 3.404  -70.018 4.4138968686883e-16 -8.7881349856352e-16
     20.45 5.106 -63.6856 1.9857708145809e-13 -3.9643475423271e-13
     27.22 6.808 -57.3532 1.6179697980543e-10 -3.2350196847442e-10
        34 8.51 -51.0209 2.3292188656132e-08 -4.6584360188014e-08
     40.82 10.21 -44.6885 5.4592290948319e-07 -1.091933914531e-06
     47.59 11.91 -38.3561 3.3222965225291e-06 -6.6453120958626e-06
     54.37 13.62 -32.0237 1.1595189630221e-05 -2.3192211586575e-05
     61.17 15.32 -25.6914 2.9720495703388e-05 -5.9444431025487e-05
     67.95 17.02  -19.359 6.2529822588835e-05 -0.00012506430236994
     74.72 18.72 -13.0266 0.00011435545207679 -0.00022871203294884
     81.49 20.42 -6.69423 0.00018804709074579 -0.00037608794321891
     88.27 22.12 -0.361851 0.0002840459667076 -0.0005680654059393
     95.22 23.83  5.97053 0.0003999073102032 -0.00079976131512357
       102 25.53  12.3029 0.00053064965189603 -0.0010612053976871
     108.8 27.23  18.6353 0.00066861371842595 -0.0013370906080853
     115.5 28.93  24.9677 0.00080482034273992 -0.0016094588894705
     122.9 30.63     31.3 0.00093231067982434 -0.0018643973176314
     129.6 32.34  37.6324 0.0010476531914651 -0.0020950515536428
     136.5 34.04  43.9648 0.0011498021927861 -0.0022993201998822
     143.2 35.74  50.2972 0.0012373898860542 -0.0024744819675577
       150 37.44  56.6295   0.00130982188892 -0.0026193316016236
     156.8 39.14  62.9619  0.001368208044103 -0.0027361009993474
     163.6 40.85  69.2943 0.0014138378033289 -0.002827359186553
     170.5 42.55  75.6267 0.0014485713276996 -0.0028968285947121
     177.3 44.25   81.959 0.0014739274442022 -0.00294754832105
     178.1 44.44  82.6827 0.0014762940905997 -0.0029522823987711
     183.1 46.15  89.0151 0.0014929014823476 -0.0029855060668759
     188.1 47.85  95.3475  0.001502985804822 -0.0030056875463222
     193.1 49.55   101.68   0.00150796395891 -0.0030156576058934
     198.1 51.25  108.012  0.001509744779916 -0.003019233913051
     203.1 52.95  114.345 0.0015098448535558 -0.003019448214035
     208.1 54.66  120.677 0.0015097956687108 -0.0030193624045654
     213.1 56.36  127.009  0.001509758531915 -0.0030192984002413
     218.1 58.06  133.342 0.0015097496972053 -0.0030192879510124
     223.1 59.76  139.674  0.001509758474989 -0.00301930935704
     228.1 61.46  146.007 0.0015097657256844 -0.0030193248059249
     233.1 63.17  152.339 0.0015097612841576 -0.0030193147419775
     238.1 64.87  158.671 0.0015097569122438 -0.0030193034498173
     243.1 66.57  165.004 0.0015097689967106 -0.0030193243238315
     248.1 68.27  171.336 0.0015097791350817 -0.0030193410416739
     253.1 69.97  177.668 0.0015097696519267 -0.0030193185888292
     258.1 71.68  184.001 0.0015097622414812 -0.0030193005784253
     263.1 73.38  190.333 0.0015097703535376 -0.003019314020564
     268.1 75.08  196.666 0.0015097793192878 -0.0030193296235147
       273 76.78  202.998 0.0015097769935014 -0.0030193230933952
       278 78.48   209.33 0.0015097666277223 -0.0030193009078728
       283 80.18  215.663 0.0015097699988601 -0.0030193065885468
       288 81.89  221.995 0.0015097823262332 -0.0030193305381234
       293 83.59  228.327 0.0015097769378326 -0.0030193193990224
     297.9 85.29   234.66  0.001509768355009 -0.0030193022074768
     302.9 86.99  240.992 0.0015097718482699 -0.0030193095102713
     307.9 88.69  247.325 0.0015097813806645 -0.0030193292306991
     312.9 90.4  253.657 0.0015097807342518 -0.0030193289275113
     317.9 92.1  259.989 0.0015097670944196 -0.0030193029601053
     322.9 93.8  266.322 0.0015097660449456 -0.0030193024712881
     327.9 95.5  272.654 0.0015097769894872 -0.0030193262419911
     332.9 97.2  278.986 0.0015097762402906 -0.0030193268489299
     337.9 98.91  285.319 0.0015097651173573 -0.0030193068903067
     341.1  100   289.39 0.0015097620482958 -0.0030193023003644
 *** Photo-electron amplitudes on TwoDouble-2/0000/S_Rn1/ampl ***
 *** single ionization spectrum on TwoDouble-2/0000/S_Rn1/spec_single ***

 TimePropagator RK4:  accept/reject 14924/0, func.calls=59696, <h>=0.025, Delta h=1.6065246924832e-08


 ===  timer information  =======================================================

                     File: Name                          calls   cpu(total)   cpu/call [samp]
               main_trecx: run                               2    1.73e+03         864
           timePropagator: propIntern1                      60     1.3e+03        21.6
           timePropagator: propIntern2                      60         341        5.69
             tsurffSource: volkov                        59696         130     0.00219
               main_trecx: setup                             2        65.5        32.7
               main_trecx: operator                          2        39.3        19.6
             initialState: get                               2        14.2        7.08
     timePropagatorOutput: outWrite                       7524        4.98    0.000662
               mpiWrapper: MPI                           79048         4.7    5.95e-05
            operatorFloor: cost                          17734       0.232    1.31e-05
timer overhead/call (sec): 3.72e-08
timer overhead/call (sec): 1.42e-09 (sample=1024)


 *** further output on TwoDouble-2/0000/S_Rn1.Rn2/outf ***



 ===  DISCRETIZATION AND INCOMING FLUX  ========================================

               Name: Phi1.Eta1.Phi2.Eta2.specRn1.specRn2.kRn1.ValDerRn2
        Coordinates: Phi1.Eta1.Phi2.Eta2.kRn1.kRn2

          source(s): TwoDouble-2/0000/S_Rn1/surface_Rn2
        end,turnOff: Inft, ABRUPT (Caution)

   axis Points     Emin Emax       spacing
     --   ----   ------   --   -----------
   kRn1     32 0.001465  1.5 k-equidistant
   kRn2     32 0.001465  1.5 k-equidistant

           Surfaces: 40


 ===  OPERATORS  ===============================================================

        Hamiltonian: 1/2<<Laplacian>>-2.<<Coulomb>>+[[eeInt6DHelium]]
     Region Rn1.Rn2: only spectral amplitudes
        Interaction: iLaserAz[t]<<D/DZ>>
     Region Rn1.Rn2: 
         HamInitial: H(t=Begin)

         Projection: (0.5<<Laplacian>>-2<<Coulomb>>):Phi1.Eta1.Rn1+(0.5<<Laplacian>>-2<<Coulomb>>):Phi2.Eta2.Rn2


 ===  Laser  ===================================================================

   polAxis Shape Intens(W/cm2) lambda(nm)  FWHM  begin   end phiCEO
     -----   ---   -----------   --------   ---   ----   ---   ----
   [1 0 0]  cos2         1e+12      22.96 82.68 -82.68 82.68       

 U_ponderomotive (eV): 4.922e-05

 ===  PROPAGATION PARAMETERS  ==================================================

    begin   end print store accuracy cutEnergy fixStep
     ----   ---   ---   ---   ------   -------   -----
   -82.68 289.4 6.332  0.09    1e-07        50   0.025

      Initial state: ZERO for operator H(t=Begin)


 ===  OUTPUT  ==================================================================
          Directory: TwoDouble-2/0000/S_Rn1.Rn2/


 *** Only integration of source - no Propagation operator defined ***


 ===  timer information  =======================================================

                     File: Name                          calls   cpu(total)   cpu/call [samp]
               main_trecx: run                               3    1.73e+03         576
           timePropagator: propIntern1                      60     1.3e+03        21.6
           timePropagator: propIntern2                      60         341        5.69
             tsurffSource: volkov                        59696         130     0.00219
               main_trecx: setup                             3        73.9        24.6
               main_trecx: operator                          3        39.3        13.1
             initialState: get                               2        14.2        7.08
     timePropagatorOutput: outWrite                       7524        4.98    0.000662
               mpiWrapper: MPI                           79958         4.7    5.88e-05
            operatorFloor: cost                          17734       0.232    1.31e-05
timer overhead/call (sec): 4.05e-08
timer overhead/call (sec): 1.54e-09 (sample=1024)


 ===  TIME PROPAGATION (TwoDouble-2/0000/S_Rn1.Rn2/)  ==========================

      CPU   (%)     Time <Overlap>
     -----   --   ------   -------
         0    0 -82.6827         0
      0.27 1.702 -76.3504 8.6703469075128e-25
    0.4495 3.404  -70.018 8.7025800699275e-25
    0.6292 5.106 -63.6856 4.7087624477528e-24
    0.8096 6.808 -57.3532 8.9389292715823e-21
    0.9902 8.51 -51.0209 8.4325792539592e-19
     1.171 10.21 -44.6885 4.3290234577929e-18
     1.353 11.91 -38.3561 1.5919079991531e-17
     1.533 13.62 -32.0237 1.9909594551875e-16
     1.711 15.32 -25.6914 3.9114954811057e-15
     1.889 17.02  -19.359 4.1612644651756e-14
     2.066 18.72 -13.0266 2.6876526372129e-13
     2.247 20.42 -6.69423 1.2158503485212e-12
     2.424 22.12 -0.361851 4.2307350178398e-12
     2.602 23.83  5.97053 1.2031291441009e-11
     2.779 25.53  12.3029 2.91334341165e-11
     2.957 27.23  18.6353 6.1883870758052e-11
     3.135 28.93  24.9677 1.1796961579985e-10
     3.313 30.63     31.3 2.0550178818702e-10
     3.491 32.34  37.6324 3.3203288645936e-10
     3.668 34.04  43.9648 5.040092040928e-10
     3.845 35.74  50.2972 7.2713103624352e-10
     4.022 37.44  56.6295 1.007168637086e-09
     4.199 39.14  62.9619 1.3494585991324e-09
     4.377 40.85  69.2943 1.7587649941216e-09
     4.559 42.55  75.6267 2.241000649529e-09
     4.737 44.25   81.959 2.8020479165919e-09
     4.757 44.44  82.6827 2.8713369030505e-09
     4.897 46.15  89.0151 3.5222108073912e-09
     5.036 47.85  95.3475 4.2457413824486e-09
     5.176 49.55   101.68 5.0212666909394e-09
     5.316 51.25  108.012 5.8156089409662e-09
     5.455 52.95  114.345 6.5902741534976e-09
     5.596 54.66  120.677 7.3055525187024e-09
     5.736 56.36  127.009 7.9307196571323e-09
     5.876 58.06  133.342 8.42646186729e-09
     6.016 59.76  139.674 8.7617242315801e-09
     6.155 61.46  146.007 8.9349459477761e-09
     6.295 63.17  152.339 8.9602615785537e-09
     6.435 64.87  158.671 8.8556160548517e-09
     6.574 66.57  165.004 8.6425568368283e-09
     6.714 68.27  171.336 8.3473191742441e-09
     6.854 69.97  177.668 7.9991904559455e-09
     6.994 71.68  184.001 7.6402475317143e-09
     7.134 73.38  190.333 7.3085469985862e-09
     7.273 75.08  196.666 7.0286573528063e-09
     7.413 76.78  202.998 6.8156914600749e-09
     7.553 78.48   209.33 6.67650569419e-09
     7.693 80.18  215.663 6.6077749464356e-09
     7.833 81.89  221.995 6.597386542448e-09
     7.973 83.59  228.327 6.6291506645089e-09
      8.12 85.29   234.66 6.6836188738073e-09
     8.268 86.99  240.992 6.7401667798992e-09
     8.416 88.69  247.325 6.7931371442531e-09
     8.564 90.4  253.657 6.8402432701269e-09
     8.712 92.1  259.989 6.8827004320451e-09
      8.86 93.8  266.322 6.9202646988772e-09
     9.009 95.5  272.654 6.9524505216615e-09
     9.157 97.2  278.986 6.9758757043349e-09
     9.306 98.91  285.319 6.9883839843009e-09
     9.402  100   289.39 6.9905874778985e-09
 *** Photo-electron amplitudes on TwoDouble-2/0000/S_Rn1.Rn2/ampl ***

 TimePropagator euler:  accept/reject 5641/0, func.calls=0, <h>=0.066, Delta h=1.9318842972637e-08


 ===  timer information  =======================================================

                     File: Name                          calls   cpu(total)   cpu/call [samp]
               main_trecx: run                               3    1.75e+03         582
           timePropagator: propIntern1                      60     1.3e+03        21.6
           timePropagator: propIntern2                      60         341        5.69
             tsurffSource: volkov                        65337         135     0.00206
               main_trecx: setup                             3        73.9        24.6
               main_trecx: operator                          3        39.3        13.1
             initialState: get                               3        14.2        4.72
           timePropagator: propIntern3                      60         9.4       0.157
     timePropagatorOutput: outWrite                      10346        5.91    0.000571
               mpiWrapper: MPI                           88500        4.91    5.55e-05
            operatorFloor: cost                          17734       0.232    1.31e-05
timer overhead/call (sec): 4.06e-08
timer overhead/call (sec): 1.56e-09 (sample=1024)


 *** further output on TwoDouble-2/0000/outspec ***
 Integral of Spectrum,2-photon crossection: 0.0001742, 1.192e-47
 ***    spectra file TwoDouble-2/0000/S_Rn1/spec_total ***
 *** added amplitude file TwoDouble-2/0000/S_Rn1.Rn2/ampl ***
 Integral of Spectrum,2-photon crossection: 1.407e-08, 9.628e-52
 ***    spectra file TwoDouble-2/0000/spec_total ***

 *** spectra calculated from amplitude file(s), for recomputing amplitudes, specify region as -region=AXIS_NAME



 ===  mutable inputs changed  ==================================================

  - DEBUG:sample[1]=16

 *** Description of input on file /home1/06170/ampuser/AMP_apps/tRecX/tRecX-again/tRecX.doc ***


 ===  done - TwoDouble-2/0000/S_Rn1.Rn2/  ======================================
